/*
* NOTE: As convention, there's 5 questions in the assignment Q1(Forming SIR Model), Q2(Euler's' Method) , 
*Q3(Random sampling parameters), Q4(Calculate R upon sample and data), Q5(Machine Learning).
* And 5 members in our group: H.Long(L), Q.Anh(A), H.Hai(H), H.Dung(D), D.Thuan(T)
* I will be using the short hand notation of the questions(Q1,..) and people(A,..) in the Log. 
*/

Date		AproxTime	Duration	Work			Description
3-6-2020	7AM		1Day		Received Assignment	Got email for the assignment's PDF
									Form and initiate group to start reading material
									Setup metting time
4-6-2020	9PM		2Hours		Initial Meeting		Meeting through google-meet to form ideas and Q-A initial questions
									Setup face-to-face metting time
5-6-2020	2PM		3Hours		IRL Meeting		Go through again the materials as a groups
									Discuss and try to get everyone on the same page for the assignment's questions
									Help all to understand the difficult excercises (Q3, Q4), still has to figure out Q4
									Decided to skip Q5 due to difficulty and time constrain, will go back if have more time.
									Set priority on focusing Q1, Q2 and Q3 for the next few days
									Work Assignment:Q1 - (L,T) , (A,D) - Q2 ,Q3 - (H, everyone), Q4 - read_more, Q5 skip.
									Current goal for the next few days: Finish Q1, Q2 and figure out questions,... for Q3,Q4 to ask for teacher's guidence.
									Setup next meeting time.
7-6-2020	?		2Hours		Meeting

